<?xml version="1.0" encoding="UTF-8"?>
<!-- Generated by org.testng.reporters.JUnitXMLReporter -->
<testsuite ignored="0" hostname="User" failures="0" tests="10" name="Default test" time="340.585" errors="0" timestamp="18 Jan 2022 15:33:37 GMT">
  <testcase classname="runner.WebApp" name="HomePage" time="0.548"/>
  <testcase classname="runner.WebApp" name="LocalPage" time="38.343"/>
  <testcase classname="runner.WebApp" name="SignUp" time="4.77"/>
  <testcase classname="runner.WebApp" name="HomepageLogin" time="3.894"/>
  <testcase classname="runner.WebApp" name="AboutPage" time="4.734"/>
  <testcase classname="runner.WebApp" name="ContactPage" time="4.326"/>
  <testcase classname="runner.WebApp" name="OnewayPage" time="12.811"/>
  <testcase classname="runner.WebApp" name="OutstationPage" time="18.305"/>
  <testcase classname="runner.WebApp" name="AirportPage" time="26.485"/>
  <testcase classname="runner.WebApp" name="CorporatePage" time="10.672"/>
</testsuite> <!-- Default test -->
