<?xml version="1.0" encoding="UTF-8"?>
<testng-results ignored="0" total="10" passed="10" failed="0" skipped="0">
  <reporter-output>
  </reporter-output>
  <suite started-at="2022-01-18T15:27:56Z" name="Default suite" finished-at="2022-01-18T15:33:37Z" duration-ms="340585">
    <groups>
    </groups>
    <test started-at="2022-01-18T15:27:56Z" name="Default test" finished-at="2022-01-18T15:33:37Z" duration-ms="340585">
      <class name="runner.WebApp">
        <test-method is-config="true" signature="Before()[pri:0, instance:runner.WebApp@609640d5]" started-at="2022-01-18T15:27:56Z" name="Before" finished-at="2022-01-18T15:28:21Z" duration-ms="24678" status="PASS">
          <reporter-output>
          </reporter-output>
        </test-method> <!-- Before -->
        <test-method signature="HomePage()[pri:1, instance:runner.WebApp@609640d5]" started-at="2022-01-18T15:28:21Z" name="HomePage" finished-at="2022-01-18T15:28:21Z" duration-ms="548" status="PASS">
          <reporter-output>
          </reporter-output>
        </test-method> <!-- HomePage -->
        <test-method is-config="true" signature="After()[pri:0, instance:runner.WebApp@609640d5]" started-at="2022-01-18T15:28:21Z" name="After" finished-at="2022-01-18T15:28:22Z" duration-ms="919" status="PASS">
          <reporter-output>
          </reporter-output>
        </test-method> <!-- After -->
        <test-method is-config="true" signature="Before()[pri:0, instance:runner.WebApp@609640d5]" started-at="2022-01-18T15:28:22Z" name="Before" finished-at="2022-01-18T15:28:41Z" duration-ms="19299" status="PASS">
          <reporter-output>
          </reporter-output>
        </test-method> <!-- Before -->
        <test-method signature="LocalPage()[pri:1, instance:runner.WebApp@609640d5]" started-at="2022-01-18T15:28:41Z" name="LocalPage" finished-at="2022-01-18T15:29:20Z" duration-ms="38343" status="PASS">
          <reporter-output>
          </reporter-output>
        </test-method> <!-- LocalPage -->
        <test-method is-config="true" signature="After()[pri:0, instance:runner.WebApp@609640d5]" started-at="2022-01-18T15:29:20Z" name="After" finished-at="2022-01-18T15:29:21Z" duration-ms="1335" status="PASS">
          <reporter-output>
          </reporter-output>
        </test-method> <!-- After -->
        <test-method is-config="true" signature="Before()[pri:0, instance:runner.WebApp@609640d5]" started-at="2022-01-18T15:29:21Z" name="Before" finished-at="2022-01-18T15:29:43Z" duration-ms="22318" status="PASS">
          <reporter-output>
          </reporter-output>
        </test-method> <!-- Before -->
        <test-method signature="SignUp()[pri:2, instance:runner.WebApp@609640d5]" started-at="2022-01-18T15:29:43Z" name="SignUp" finished-at="2022-01-18T15:29:48Z" duration-ms="4770" status="PASS">
          <reporter-output>
          </reporter-output>
        </test-method> <!-- SignUp -->
        <test-method is-config="true" signature="After()[pri:0, instance:runner.WebApp@609640d5]" started-at="2022-01-18T15:29:48Z" name="After" finished-at="2022-01-18T15:29:49Z" duration-ms="622" status="PASS">
          <reporter-output>
          </reporter-output>
        </test-method> <!-- After -->
        <test-method is-config="true" signature="Before()[pri:0, instance:runner.WebApp@609640d5]" started-at="2022-01-18T15:29:49Z" name="Before" finished-at="2022-01-18T15:30:02Z" duration-ms="13443" status="PASS">
          <reporter-output>
          </reporter-output>
        </test-method> <!-- Before -->
        <test-method signature="HomepageLogin()[pri:3, instance:runner.WebApp@609640d5]" started-at="2022-01-18T15:30:02Z" name="HomepageLogin" finished-at="2022-01-18T15:30:06Z" duration-ms="3894" status="PASS">
          <reporter-output>
          </reporter-output>
        </test-method> <!-- HomepageLogin -->
        <test-method is-config="true" signature="After()[pri:0, instance:runner.WebApp@609640d5]" started-at="2022-01-18T15:30:06Z" name="After" finished-at="2022-01-18T15:30:07Z" duration-ms="381" status="PASS">
          <reporter-output>
          </reporter-output>
        </test-method> <!-- After -->
        <test-method is-config="true" signature="Before()[pri:0, instance:runner.WebApp@609640d5]" started-at="2022-01-18T15:30:07Z" name="Before" finished-at="2022-01-18T15:30:28Z" duration-ms="21157" status="PASS">
          <reporter-output>
          </reporter-output>
        </test-method> <!-- Before -->
        <test-method signature="AboutPage()[pri:4, instance:runner.WebApp@609640d5]" started-at="2022-01-18T15:30:28Z" name="AboutPage" finished-at="2022-01-18T15:30:32Z" duration-ms="4734" status="PASS">
          <reporter-output>
          </reporter-output>
        </test-method> <!-- AboutPage -->
        <test-method is-config="true" signature="After()[pri:0, instance:runner.WebApp@609640d5]" started-at="2022-01-18T15:30:32Z" name="After" finished-at="2022-01-18T15:30:33Z" duration-ms="473" status="PASS">
          <reporter-output>
          </reporter-output>
        </test-method> <!-- After -->
        <test-method is-config="true" signature="Before()[pri:0, instance:runner.WebApp@609640d5]" started-at="2022-01-18T15:30:33Z" name="Before" finished-at="2022-01-18T15:31:00Z" duration-ms="27391" status="PASS">
          <reporter-output>
          </reporter-output>
        </test-method> <!-- Before -->
        <test-method signature="ContactPage()[pri:5, instance:runner.WebApp@609640d5]" started-at="2022-01-18T15:31:00Z" name="ContactPage" finished-at="2022-01-18T15:31:05Z" duration-ms="4326" status="PASS">
          <reporter-output>
          </reporter-output>
        </test-method> <!-- ContactPage -->
        <test-method is-config="true" signature="After()[pri:0, instance:runner.WebApp@609640d5]" started-at="2022-01-18T15:31:05Z" name="After" finished-at="2022-01-18T15:31:07Z" duration-ms="1891" status="PASS">
          <reporter-output>
          </reporter-output>
        </test-method> <!-- After -->
        <test-method is-config="true" signature="Before()[pri:0, instance:runner.WebApp@609640d5]" started-at="2022-01-18T15:31:07Z" name="Before" finished-at="2022-01-18T15:31:23Z" duration-ms="16249" status="PASS">
          <reporter-output>
          </reporter-output>
        </test-method> <!-- Before -->
        <test-method signature="OnewayPage()[pri:6, instance:runner.WebApp@609640d5]" started-at="2022-01-18T15:31:23Z" name="OnewayPage" finished-at="2022-01-18T15:31:36Z" duration-ms="12811" status="PASS">
          <reporter-output>
          </reporter-output>
        </test-method> <!-- OnewayPage -->
        <test-method is-config="true" signature="After()[pri:0, instance:runner.WebApp@609640d5]" started-at="2022-01-18T15:31:36Z" name="After" finished-at="2022-01-18T15:31:36Z" duration-ms="340" status="PASS">
          <reporter-output>
          </reporter-output>
        </test-method> <!-- After -->
        <test-method is-config="true" signature="Before()[pri:0, instance:runner.WebApp@609640d5]" started-at="2022-01-18T15:31:36Z" name="Before" finished-at="2022-01-18T15:31:53Z" duration-ms="17258" status="PASS">
          <reporter-output>
          </reporter-output>
        </test-method> <!-- Before -->
        <test-method signature="OutstationPage()[pri:8, instance:runner.WebApp@609640d5]" started-at="2022-01-18T15:31:53Z" name="OutstationPage" finished-at="2022-01-18T15:32:11Z" duration-ms="18305" status="PASS">
          <reporter-output>
          </reporter-output>
        </test-method> <!-- OutstationPage -->
        <test-method is-config="true" signature="After()[pri:0, instance:runner.WebApp@609640d5]" started-at="2022-01-18T15:32:11Z" name="After" finished-at="2022-01-18T15:32:13Z" duration-ms="1607" status="PASS">
          <reporter-output>
          </reporter-output>
        </test-method> <!-- After -->
        <test-method is-config="true" signature="Before()[pri:0, instance:runner.WebApp@609640d5]" started-at="2022-01-18T15:32:13Z" name="Before" finished-at="2022-01-18T15:32:36Z" duration-ms="22532" status="PASS">
          <reporter-output>
          </reporter-output>
        </test-method> <!-- Before -->
        <test-method signature="AirportPage()[pri:9, instance:runner.WebApp@609640d5]" started-at="2022-01-18T15:32:36Z" name="AirportPage" finished-at="2022-01-18T15:33:02Z" duration-ms="26485" status="PASS">
          <reporter-output>
          </reporter-output>
        </test-method> <!-- AirportPage -->
        <test-method is-config="true" signature="After()[pri:0, instance:runner.WebApp@609640d5]" started-at="2022-01-18T15:33:02Z" name="After" finished-at="2022-01-18T15:33:03Z" duration-ms="610" status="PASS">
          <reporter-output>
          </reporter-output>
        </test-method> <!-- After -->
        <test-method is-config="true" signature="Before()[pri:0, instance:runner.WebApp@609640d5]" started-at="2022-01-18T15:33:03Z" name="Before" finished-at="2022-01-18T15:33:25Z" duration-ms="22671" status="PASS">
          <reporter-output>
          </reporter-output>
        </test-method> <!-- Before -->
        <test-method signature="CorporatePage()[pri:10, instance:runner.WebApp@609640d5]" started-at="2022-01-18T15:33:25Z" name="CorporatePage" finished-at="2022-01-18T15:33:36Z" duration-ms="10672" status="PASS">
          <reporter-output>
          </reporter-output>
        </test-method> <!-- CorporatePage -->
        <test-method is-config="true" signature="After()[pri:0, instance:runner.WebApp@609640d5]" started-at="2022-01-18T15:33:36Z" name="After" finished-at="2022-01-18T15:33:37Z" duration-ms="475" status="PASS">
          <reporter-output>
          </reporter-output>
        </test-method> <!-- After -->
        <test-method is-config="true" signature="flush()[pri:0, instance:runner.WebApp@609640d5]" started-at="2022-01-18T15:33:37Z" name="flush" finished-at="2022-01-18T15:33:38Z" duration-ms="939" status="PASS">
          <reporter-output>
          </reporter-output>
        </test-method> <!-- flush -->
      </class> <!-- runner.WebApp -->
    </test> <!-- Default test -->
  </suite> <!-- Default suite -->
</testng-results>
